  Menu.cpp
c:\users\jose cuello\documents\visual studio 2017\projects\proyecto\transaccion.h(230): warning C4477: 'printf' : la cadena de formato '%s' requiere un argumento de tipo 'char *', pero el argumento variádico 1 tiene el tipo 'long'
c:\users\jose cuello\documents\visual studio 2017\projects\proyecto\transaccion.h(244): warning C4477: 'printf' : la cadena de formato '%s' requiere un argumento de tipo 'char *', pero el argumento variádico 1 tiene el tipo 'long'
c:\users\jose cuello\documents\visual studio 2017\projects\proyecto\transaccion.h(252): warning C4477: 'printf' : la cadena de formato '%s' requiere un argumento de tipo 'char *', pero el argumento variádico 1 tiene el tipo 'long'
c:\users\jose cuello\documents\visual studio 2017\projects\proyecto\taquilla.h(19): warning C4101: 'numAccountS': variable local sin referencia
c:\users\jose cuello\documents\visual studio 2017\projects\proyecto\archivos-5.h(204): warning C4477: 'fscanf' : la cadena de formato '%ld' requiere un argumento de tipo 'long *', pero el argumento variádico 1 tiene el tipo 'long'
c:\users\jose cuello\documents\visual studio 2017\projects\proyecto\archivos-5.h(205): warning C4477: 'fscanf' : la cadena de formato '%d' requiere un argumento de tipo 'int *', pero el argumento variádico 2 tiene el tipo 'int'
c:\users\jose cuello\documents\visual studio 2017\projects\proyecto\archivos-5.h(205): warning C4477: 'fscanf' : la cadena de formato '%d' requiere un argumento de tipo 'int *', pero el argumento variádico 3 tiene el tipo 'int'
c:\users\jose cuello\documents\visual studio 2017\projects\proyecto\archivos-5.h(205): warning C4477: 'fscanf' : la cadena de formato '%d' requiere un argumento de tipo 'int *', pero el argumento variádico 4 tiene el tipo 'int'
c:\users\jose cuello\documents\visual studio 2017\projects\proyecto\archivos-5.h(205): warning C4477: 'fscanf' : la cadena de formato '%d' requiere un argumento de tipo 'int *', pero el argumento variádico 5 tiene el tipo 'int'
c:\users\jose cuello\documents\visual studio 2017\projects\proyecto\archivos-5.h(205): warning C4477: 'fscanf' : la cadena de formato '%d' requiere un argumento de tipo 'int *', pero el argumento variádico 6 tiene el tipo 'int'
c:\users\jose cuello\documents\visual studio 2017\projects\proyecto\archivos-5.h(205): warning C4477: 'fscanf' : la cadena de formato '%d' requiere un argumento de tipo 'int *', pero el argumento variádico 7 tiene el tipo 'int'
c:\users\jose cuello\documents\visual studio 2017\projects\proyecto\archivos-5.h(205): warning C4477: 'fscanf' : la cadena de formato '%s' requiere un argumento de tipo 'char *', pero el argumento variádico 8 tiene el tipo 'int'
c:\users\jose cuello\documents\visual studio 2017\projects\proyecto\archivos-5.h(229): warning C4477: 'fscanf' : la cadena de formato '%li' requiere un argumento de tipo 'long *', pero el argumento variádico 1 tiene el tipo 'long'
c:\users\jose cuello\documents\visual studio 2017\projects\proyecto\archivos-5.h(230): warning C4477: 'fscanf' : la cadena de formato '%d' requiere un argumento de tipo 'int *', pero el argumento variádico 2 tiene el tipo 'int'
c:\users\jose cuello\documents\visual studio 2017\projects\proyecto\archivos-5.h(230): warning C4477: 'fscanf' : la cadena de formato '%d' requiere un argumento de tipo 'int *', pero el argumento variádico 3 tiene el tipo 'int'
c:\users\jose cuello\documents\visual studio 2017\projects\proyecto\archivos-5.h(230): warning C4477: 'fscanf' : la cadena de formato '%d' requiere un argumento de tipo 'int *', pero el argumento variádico 4 tiene el tipo 'int'
c:\users\jose cuello\documents\visual studio 2017\projects\proyecto\archivos-5.h(230): warning C4477: 'fscanf' : la cadena de formato '%d' requiere un argumento de tipo 'int *', pero el argumento variádico 5 tiene el tipo 'int'
c:\users\jose cuello\documents\visual studio 2017\projects\proyecto\archivos-5.h(230): warning C4477: 'fscanf' : la cadena de formato '%d' requiere un argumento de tipo 'int *', pero el argumento variádico 6 tiene el tipo 'int'
c:\users\jose cuello\documents\visual studio 2017\projects\proyecto\archivos-5.h(230): warning C4477: 'fscanf' : la cadena de formato '%d' requiere un argumento de tipo 'int *', pero el argumento variádico 7 tiene el tipo 'int'
c:\users\jose cuello\documents\visual studio 2017\projects\proyecto\archivos-5.h(230): warning C4477: 'fscanf' : la cadena de formato '%s' requiere un argumento de tipo 'char *', pero el argumento variádico 8 tiene el tipo 'int'
c:\users\jose cuello\documents\visual studio 2017\projects\proyecto\archivos-5.h(255): warning C4477: 'fscanf' : la cadena de formato '%li' requiere un argumento de tipo 'long *', pero el argumento variádico 1 tiene el tipo 'long'
c:\users\jose cuello\documents\visual studio 2017\projects\proyecto\archivos-5.h(256): warning C4477: 'fscanf' : la cadena de formato '%d' requiere un argumento de tipo 'int *', pero el argumento variádico 2 tiene el tipo 'int'
c:\users\jose cuello\documents\visual studio 2017\projects\proyecto\archivos-5.h(256): warning C4477: 'fscanf' : la cadena de formato '%d' requiere un argumento de tipo 'int *', pero el argumento variádico 3 tiene el tipo 'int'
c:\users\jose cuello\documents\visual studio 2017\projects\proyecto\archivos-5.h(256): warning C4477: 'fscanf' : la cadena de formato '%d' requiere un argumento de tipo 'int *', pero el argumento variádico 4 tiene el tipo 'int'
c:\users\jose cuello\documents\visual studio 2017\projects\proyecto\archivos-5.h(256): warning C4477: 'fscanf' : la cadena de formato '%d' requiere un argumento de tipo 'int *', pero el argumento variádico 5 tiene el tipo 'int'
c:\users\jose cuello\documents\visual studio 2017\projects\proyecto\archivos-5.h(256): warning C4477: 'fscanf' : la cadena de formato '%d' requiere un argumento de tipo 'int *', pero el argumento variádico 6 tiene el tipo 'int'
c:\users\jose cuello\documents\visual studio 2017\projects\proyecto\archivos-5.h(256): warning C4477: 'fscanf' : la cadena de formato '%d' requiere un argumento de tipo 'int *', pero el argumento variádico 7 tiene el tipo 'int'
c:\users\jose cuello\documents\visual studio 2017\projects\proyecto\archivos-5.h(256): warning C4477: 'fscanf' : la cadena de formato '%s' requiere un argumento de tipo 'char *', pero el argumento variádico 8 tiene el tipo 'int'
c:\users\jose cuello\documents\visual studio 2017\projects\proyecto\archivos-5.h(280): warning C4477: 'fscanf' : la cadena de formato '%li' requiere un argumento de tipo 'long *', pero el argumento variádico 1 tiene el tipo 'long'
c:\users\jose cuello\documents\visual studio 2017\projects\proyecto\archivos-5.h(281): warning C4477: 'fscanf' : la cadena de formato '%d' requiere un argumento de tipo 'int *', pero el argumento variádico 2 tiene el tipo 'int'
c:\users\jose cuello\documents\visual studio 2017\projects\proyecto\archivos-5.h(281): warning C4477: 'fscanf' : la cadena de formato '%d' requiere un argumento de tipo 'int *', pero el argumento variádico 3 tiene el tipo 'int'
c:\users\jose cuello\documents\visual studio 2017\projects\proyecto\archivos-5.h(281): warning C4477: 'fscanf' : la cadena de formato '%d' requiere un argumento de tipo 'int *', pero el argumento variádico 4 tiene el tipo 'int'
c:\users\jose cuello\documents\visual studio 2017\projects\proyecto\archivos-5.h(281): warning C4477: 'fscanf' : la cadena de formato '%d' requiere un argumento de tipo 'int *', pero el argumento variádico 5 tiene el tipo 'int'
c:\users\jose cuello\documents\visual studio 2017\projects\proyecto\archivos-5.h(281): warning C4477: 'fscanf' : la cadena de formato '%d' requiere un argumento de tipo 'int *', pero el argumento variádico 6 tiene el tipo 'int'
c:\users\jose cuello\documents\visual studio 2017\projects\proyecto\archivos-5.h(281): warning C4477: 'fscanf' : la cadena de formato '%d' requiere un argumento de tipo 'int *', pero el argumento variádico 7 tiene el tipo 'int'
c:\users\jose cuello\documents\visual studio 2017\projects\proyecto\archivos-5.h(281): warning C4477: 'fscanf' : la cadena de formato '%s' requiere un argumento de tipo 'char *', pero el argumento variádico 8 tiene el tipo 'int'
c:\users\jose cuello\documents\visual studio 2017\projects\proyecto\archivos-5.h(305): warning C4477: 'fscanf' : la cadena de formato '%li' requiere un argumento de tipo 'long *', pero el argumento variádico 1 tiene el tipo 'long'
c:\users\jose cuello\documents\visual studio 2017\projects\proyecto\archivos-5.h(306): warning C4477: 'fscanf' : la cadena de formato '%d' requiere un argumento de tipo 'int *', pero el argumento variádico 2 tiene el tipo 'int'
c:\users\jose cuello\documents\visual studio 2017\projects\proyecto\archivos-5.h(306): warning C4477: 'fscanf' : la cadena de formato '%d' requiere un argumento de tipo 'int *', pero el argumento variádico 3 tiene el tipo 'int'
c:\users\jose cuello\documents\visual studio 2017\projects\proyecto\archivos-5.h(306): warning C4477: 'fscanf' : la cadena de formato '%d' requiere un argumento de tipo 'int *', pero el argumento variádico 4 tiene el tipo 'int'
c:\users\jose cuello\documents\visual studio 2017\projects\proyecto\archivos-5.h(306): warning C4477: 'fscanf' : la cadena de formato '%d' requiere un argumento de tipo 'int *', pero el argumento variádico 5 tiene el tipo 'int'
c:\users\jose cuello\documents\visual studio 2017\projects\proyecto\archivos-5.h(306): warning C4477: 'fscanf' : la cadena de formato '%d' requiere un argumento de tipo 'int *', pero el argumento variádico 6 tiene el tipo 'int'
c:\users\jose cuello\documents\visual studio 2017\projects\proyecto\archivos-5.h(306): warning C4477: 'fscanf' : la cadena de formato '%d' requiere un argumento de tipo 'int *', pero el argumento variádico 7 tiene el tipo 'int'
c:\users\jose cuello\documents\visual studio 2017\projects\proyecto\archivos-5.h(306): warning C4477: 'fscanf' : la cadena de formato '%s' requiere un argumento de tipo 'char *', pero el argumento variádico 8 tiene el tipo 'int'
  ConsoleApplication1.vcxproj -> c:\users\jose cuello\documents\visual studio 2017\Projects\ConsoleApplication1\Debug\ConsoleApplication1.exe
  ConsoleApplication1.vcxproj -> c:\users\jose cuello\documents\visual studio 2017\Projects\ConsoleApplication1\Debug\ConsoleApplication1.pdb (Partial PDB)
